<?xml version="1.0" encoding="UTF-8"?>
<!-- Generated by org.testng.reporters.JUnitReportReporter -->
<testsuite hostname="LAPTOP-0NFICUTO" failures="0" tests="2" name="TestCases.testcase" time="57.275" errors="0" timestamp="2023-06-22T01:09:24 IST" skipped="0">
  <testcase classname="TestCases.testcase" name="Test6" time="27.297"/>
  <system-out/>
  <testcase classname="TestCases.testcase" name="Test6" time="29.978"/>
  <system-out/>
</testsuite> <!-- TestCases.testcase -->
