<?xml version="1.0" encoding="UTF-8"?>
<!-- Generated by org.testng.reporters.JUnitReportReporter -->
<testsuite hostname="LAPTOP-0NFICUTO" failures="0" tests="12" name="TestCases.testcase" time="433.586" errors="0" timestamp="2023-06-22T11:36:34 IST" skipped="0">
  <testcase classname="TestCases.testcase" name="RegisterUser" time="38.174"/>
  <system-out/>
  <testcase classname="TestCases.testcase" name="RegisterUser" time="45.451"/>
  <system-out/>
  <testcase classname="TestCases.testcase" name="Login" time="26.273"/>
  <system-out/>
  <testcase classname="TestCases.testcase" name="Login" time="31.093"/>
  <system-out/>
  <testcase classname="TestCases.testcase" name="LoginWithInvalid" time="35.850"/>
  <system-out/>
  <testcase classname="TestCases.testcase" name="LoginWithInvalid" time="34.303"/>
  <system-out/>
  <testcase classname="TestCases.testcase" name="RemovingfromCart" time="25.890"/>
  <system-out/>
  <testcase classname="TestCases.testcase" name="RemovingfromCart" time="34.810"/>
  <system-out/>
  <testcase classname="TestCases.testcase" name="Search" time="52.080"/>
  <system-out/>
  <testcase classname="TestCases.testcase" name="Search" time="43.646"/>
  <system-out/>
  <testcase classname="TestCases.testcase" name="AddReviewToProduct" time="36.257"/>
  <system-out/>
  <testcase classname="TestCases.testcase" name="AddReviewToProduct" time="29.759"/>
  <system-out/>
</testsuite> <!-- TestCases.testcase -->
